[2012-03-09 10:48:35] debug.DEBUG: Автозагрузка класса joosLogging из файла /home/maxim/www/public_html/joostina/app/vendors/logging/logging.php [] []
[2012-03-09 10:48:35] debug.DEBUG: Автозагрузка класса joosDebug из файла /home/maxim/www/public_html/joostina/core/libraries/debug.php [] []
[2012-03-09 10:48:35] debug.DEBUG: Автозагрузка класса joosConfig из файла /home/maxim/www/public_html/joostina/core/libraries/config.php [] []
[2012-03-09 10:48:35] debug.DEBUG: Автозагрузка класса joosRequest из файла /home/maxim/www/public_html/joostina/core/libraries/request.php [] []
[2012-03-09 10:48:35] debug.DEBUG: Автозагрузка класса joosEvents из файла /home/maxim/www/public_html/joostina/core/libraries/events.php [] []
[2012-03-09 10:48:35] debug.DEBUG: Автозагрузка класса joosSession из файла /home/maxim/www/public_html/joostina/core/libraries/session.php [] []
[2012-03-09 10:48:35] debug.DEBUG: Автозагрузка класса joosModel из файла /home/maxim/www/public_html/joostina/core/libraries/database.php [] []
[2012-03-09 10:48:35] debug.DEBUG: Автозагрузка класса modelUsers из файла /home/maxim/www/public_html/joostina/app/components/users/models/model.users.php [] []
[2012-03-09 10:48:35] debug.DEBUG: Автозагрузка класса joosAcl из файла /home/maxim/www/public_html/joostina/core/libraries/acl.php [] []
[2012-03-09 10:48:35] debug.DEBUG: Автозагрузка класса joosAutoadmin из файла /home/maxim/www/public_html/joostina/core/libraries/autoadmin.php [] []
[2012-03-09 10:48:35] debug.DEBUG: joosAutoadmin::dispatch() - actionsAdminAdmin::index [] []
[2012-03-09 10:48:35] debug.DEBUG: Автозагрузка класса joosFilter из файла /home/maxim/www/public_html/joostina/core/libraries/filter.php [] []
[2012-03-09 10:48:35] debug.DEBUG: Автозагрузка класса joosHtml из файла /home/maxim/www/public_html/joostina/core/libraries/html.php [] []
[2012-03-09 10:48:35] debug.DEBUG: Автозагрузка класса modelQuickicons из файла /home/maxim/www/public_html/joostina/app/components/quickicons/models/model.quickicons.php [] []
[2012-03-09 10:48:35] debug.DEBUG: Автозагрузка класса modelAdminQuickicons из файла /home/maxim/www/public_html/joostina/app/components/quickicons/models/model.admin.quickicons.php [] []
[2012-03-09 10:48:35] debug.DEBUG: Автозагрузка класса joosVersion из файла /home/maxim/www/public_html/joostina/core/libraries/version.php [] []
[2012-03-09 10:48:35] debug.DEBUG: Автозагрузка класса joosFile из файла /home/maxim/www/public_html/joostina/core/libraries/file.php [] []
[2012-03-09 10:48:35] debug.DEBUG: 0.01688 [] []
[2012-03-09 10:48:35] debug.DEBUG: 716.16 kb [] []
[2012-03-09 10:54:37] debug.DEBUG: Автозагрузка класса joosLogging из файла /home/maxim/www/public_html/joostina/app/vendors/logging/logging.php [] []
[2012-03-09 10:54:37] debug.DEBUG: Автозагрузка класса joosDebug из файла /home/maxim/www/public_html/joostina/core/libraries/debug.php [] []
[2012-03-09 10:54:37] debug.DEBUG: Автозагрузка класса joosConfig из файла /home/maxim/www/public_html/joostina/core/libraries/config.php [] []
[2012-03-09 10:54:37] debug.DEBUG: Автозагрузка класса joosRequest из файла /home/maxim/www/public_html/joostina/core/libraries/request.php [] []
[2012-03-09 10:54:37] debug.DEBUG: Автозагрузка класса joosEvents из файла /home/maxim/www/public_html/joostina/core/libraries/events.php [] []
[2012-03-09 10:54:37] debug.DEBUG: Автозагрузка класса joosSession из файла /home/maxim/www/public_html/joostina/core/libraries/session.php [] []
[2012-03-09 10:54:37] debug.DEBUG: Автозагрузка класса joosModel из файла /home/maxim/www/public_html/joostina/core/libraries/database.php [] []
[2012-03-09 10:54:37] debug.DEBUG: Автозагрузка класса modelUsers из файла /home/maxim/www/public_html/joostina/app/components/users/models/model.users.php [] []
[2012-03-09 10:54:37] debug.DEBUG: Автозагрузка класса joosAcl из файла /home/maxim/www/public_html/joostina/core/libraries/acl.php [] []
[2012-03-09 10:54:37] debug.DEBUG: Автозагрузка класса joosAutoadmin из файла /home/maxim/www/public_html/joostina/core/libraries/autoadmin.php [] []
[2012-03-09 10:54:37] debug.DEBUG: joosAutoadmin::dispatch() - actionsAdminAdmin::index [] []
[2012-03-09 10:54:37] debug.DEBUG: Автозагрузка класса joosFilter из файла /home/maxim/www/public_html/joostina/core/libraries/filter.php [] []
[2012-03-09 10:54:37] debug.DEBUG: Автозагрузка класса joosHtml из файла /home/maxim/www/public_html/joostina/core/libraries/html.php [] []
[2012-03-09 10:54:37] debug.DEBUG: Автозагрузка класса modelQuickicons из файла /home/maxim/www/public_html/joostina/app/components/quickicons/models/model.quickicons.php [] []
[2012-03-09 10:54:37] debug.DEBUG: Автозагрузка класса modelAdminQuickicons из файла /home/maxim/www/public_html/joostina/app/components/quickicons/models/model.admin.quickicons.php [] []
[2012-03-09 10:54:37] debug.DEBUG: Автозагрузка класса joosVersion из файла /home/maxim/www/public_html/joostina/core/libraries/version.php [] []
[2012-03-09 10:54:37] debug.DEBUG: Автозагрузка класса joosFile из файла /home/maxim/www/public_html/joostina/core/libraries/file.php [] []
[2012-03-09 10:54:37] debug.DEBUG: 0.02761 [] []
[2012-03-09 10:54:37] debug.DEBUG: 734.23 kb [] []
[2012-03-09 11:08:00] debug.DEBUG: Автозагрузка класса joosLogging из файла /home/maxim/www/public_html/joostina/app/vendors/logging/logging.php [] []
[2012-03-09 11:08:00] debug.DEBUG: Автозагрузка класса joosDebug из файла /home/maxim/www/public_html/joostina/core/libraries/debug.php [] []
[2012-03-09 11:08:00] debug.DEBUG: Автозагрузка класса joosConfig из файла /home/maxim/www/public_html/joostina/core/libraries/config.php [] []
[2012-03-09 11:08:00] debug.DEBUG: Автозагрузка класса joosRequest из файла /home/maxim/www/public_html/joostina/core/libraries/request.php [] []
[2012-03-09 11:08:00] debug.DEBUG: Автозагрузка класса joosEvents из файла /home/maxim/www/public_html/joostina/core/libraries/events.php [] []
[2012-03-09 11:08:00] debug.DEBUG: Автозагрузка класса joosSession из файла /home/maxim/www/public_html/joostina/core/libraries/session.php [] []
[2012-03-09 11:08:00] debug.DEBUG: Автозагрузка класса joosModel из файла /home/maxim/www/public_html/joostina/core/libraries/database.php [] []
[2012-03-09 11:08:00] debug.DEBUG: Автозагрузка класса modelUsers из файла /home/maxim/www/public_html/joostina/app/components/users/models/model.users.php [] []
[2012-03-09 11:08:00] debug.DEBUG: Автозагрузка класса joosAcl из файла /home/maxim/www/public_html/joostina/core/libraries/acl.php [] []
[2012-03-09 11:08:00] debug.DEBUG: Автозагрузка класса joosAutoadmin из файла /home/maxim/www/public_html/joostina/core/libraries/autoadmin.php [] []
[2012-03-09 11:08:00] debug.DEBUG: joosAutoadmin::dispatch() - actionsAdminAdmin::index [] []
[2012-03-09 11:08:00] debug.DEBUG: Автозагрузка класса joosFilter из файла /home/maxim/www/public_html/joostina/core/libraries/filter.php [] []
[2012-03-09 11:08:00] debug.DEBUG: Автозагрузка класса joosHtml из файла /home/maxim/www/public_html/joostina/core/libraries/html.php [] []
[2012-03-09 11:08:00] debug.DEBUG: Автозагрузка класса modelQuickicons из файла /home/maxim/www/public_html/joostina/app/components/quickicons/models/model.quickicons.php [] []
[2012-03-09 11:08:00] debug.DEBUG: Автозагрузка класса modelAdminQuickicons из файла /home/maxim/www/public_html/joostina/app/components/quickicons/models/model.admin.quickicons.php [] []
[2012-03-09 11:08:00] debug.DEBUG: Автозагрузка класса joosVersion из файла /home/maxim/www/public_html/joostina/core/libraries/version.php [] []
[2012-03-09 11:08:00] debug.DEBUG: Автозагрузка класса joosFile из файла /home/maxim/www/public_html/joostina/core/libraries/file.php [] []
[2012-03-09 11:08:00] debug.DEBUG: 0.03028 [] []
[2012-03-09 11:08:00] debug.DEBUG: 739.26 kb [] []
[2012-03-09 11:09:05] debug.DEBUG: Автозагрузка класса joosLogging из файла /home/maxim/www/public_html/joostina/app/vendors/logging/logging.php [] []
[2012-03-09 11:09:05] debug.DEBUG: Автозагрузка класса joosDebug из файла /home/maxim/www/public_html/joostina/core/libraries/debug.php [] []
[2012-03-09 11:09:05] debug.DEBUG: Автозагрузка класса joosConfig из файла /home/maxim/www/public_html/joostina/core/libraries/config.php [] []
[2012-03-09 11:09:05] debug.DEBUG: Автозагрузка класса joosRequest из файла /home/maxim/www/public_html/joostina/core/libraries/request.php [] []
[2012-03-09 11:09:05] debug.DEBUG: Автозагрузка класса joosEvents из файла /home/maxim/www/public_html/joostina/core/libraries/events.php [] []
[2012-03-09 11:09:05] debug.DEBUG: Автозагрузка класса joosSession из файла /home/maxim/www/public_html/joostina/core/libraries/session.php [] []
[2012-03-09 11:09:05] debug.DEBUG: Автозагрузка класса joosModel из файла /home/maxim/www/public_html/joostina/core/libraries/database.php [] []
[2012-03-09 11:09:05] debug.DEBUG: Автозагрузка класса modelUsers из файла /home/maxim/www/public_html/joostina/app/components/users/models/model.users.php [] []
[2012-03-09 11:09:05] debug.DEBUG: Автозагрузка класса joosAcl из файла /home/maxim/www/public_html/joostina/core/libraries/acl.php [] []
[2012-03-09 11:09:05] debug.DEBUG: Автозагрузка класса joosAutoadmin из файла /home/maxim/www/public_html/joostina/core/libraries/autoadmin.php [] []
[2012-03-09 11:09:05] debug.DEBUG: joosAutoadmin::dispatch() - actionsAdminAdmin::index [] []
[2012-03-09 11:09:05] debug.DEBUG: Автозагрузка класса joosFilter из файла /home/maxim/www/public_html/joostina/core/libraries/filter.php [] []
[2012-03-09 11:09:05] debug.DEBUG: Автозагрузка класса joosHtml из файла /home/maxim/www/public_html/joostina/core/libraries/html.php [] []
[2012-03-09 11:09:05] debug.DEBUG: Автозагрузка класса modelQuickicons из файла /home/maxim/www/public_html/joostina/app/components/quickicons/models/model.quickicons.php [] []
[2012-03-09 11:09:05] debug.DEBUG: Автозагрузка класса modelAdminQuickicons из файла /home/maxim/www/public_html/joostina/app/components/quickicons/models/model.admin.quickicons.php [] []
[2012-03-09 11:09:05] debug.DEBUG: Автозагрузка класса joosVersion из файла /home/maxim/www/public_html/joostina/core/libraries/version.php [] []
[2012-03-09 11:09:05] debug.DEBUG: Автозагрузка класса joosFile из файла /home/maxim/www/public_html/joostina/core/libraries/file.php [] []
[2012-03-09 11:09:05] debug.DEBUG: 0.04365 [] []
[2012-03-09 11:09:05] debug.DEBUG: 754.76 kb [] []
[2012-03-09 11:09:22] debug.DEBUG: Автозагрузка класса joosLogging из файла /home/maxim/www/public_html/joostina/app/vendors/logging/logging.php [] []
[2012-03-09 11:09:22] debug.DEBUG: Автозагрузка класса joosDebug из файла /home/maxim/www/public_html/joostina/core/libraries/debug.php [] []
[2012-03-09 11:09:22] debug.DEBUG: Автозагрузка класса joosConfig из файла /home/maxim/www/public_html/joostina/core/libraries/config.php [] []
[2012-03-09 11:09:22] debug.DEBUG: Автозагрузка класса joosRequest из файла /home/maxim/www/public_html/joostina/core/libraries/request.php [] []
[2012-03-09 11:09:22] debug.DEBUG: Автозагрузка класса joosEvents из файла /home/maxim/www/public_html/joostina/core/libraries/events.php [] []
[2012-03-09 11:09:22] debug.DEBUG: Автозагрузка класса joosSession из файла /home/maxim/www/public_html/joostina/core/libraries/session.php [] []
[2012-03-09 11:09:22] debug.DEBUG: Автозагрузка класса joosModel из файла /home/maxim/www/public_html/joostina/core/libraries/database.php [] []
[2012-03-09 11:09:22] debug.DEBUG: Автозагрузка класса modelUsers из файла /home/maxim/www/public_html/joostina/app/components/users/models/model.users.php [] []
[2012-03-09 11:09:22] debug.DEBUG: Автозагрузка класса joosAcl из файла /home/maxim/www/public_html/joostina/core/libraries/acl.php [] []
[2012-03-09 11:09:22] debug.DEBUG: Автозагрузка класса joosAutoadmin из файла /home/maxim/www/public_html/joostina/core/libraries/autoadmin.php [] []
[2012-03-09 11:09:22] debug.DEBUG: joosAutoadmin::dispatch() - actionsAdminAdmin::index [] []
[2012-03-09 11:09:22] debug.DEBUG: Автозагрузка класса joosFilter из файла /home/maxim/www/public_html/joostina/core/libraries/filter.php [] []
[2012-03-09 11:09:22] debug.DEBUG: Автозагрузка класса joosHtml из файла /home/maxim/www/public_html/joostina/core/libraries/html.php [] []
[2012-03-09 11:09:22] debug.DEBUG: Автозагрузка класса modelQuickicons из файла /home/maxim/www/public_html/joostina/app/components/quickicons/models/model.quickicons.php [] []
[2012-03-09 11:09:22] debug.DEBUG: Автозагрузка класса modelAdminQuickicons из файла /home/maxim/www/public_html/joostina/app/components/quickicons/models/model.admin.quickicons.php [] []
[2012-03-09 11:09:22] debug.DEBUG: Автозагрузка класса joosVersion из файла /home/maxim/www/public_html/joostina/core/libraries/version.php [] []
[2012-03-09 11:09:22] debug.DEBUG: Автозагрузка класса joosFile из файла /home/maxim/www/public_html/joostina/core/libraries/file.php [] []
[2012-03-09 11:09:22] debug.DEBUG: 0.02605 [] []
[2012-03-09 11:09:22] debug.DEBUG: 746.73 kb [] []
[2012-03-09 11:09:33] debug.DEBUG: Автозагрузка класса joosLogging из файла /home/maxim/www/public_html/joostina/app/vendors/logging/logging.php [] []
[2012-03-09 11:09:33] debug.DEBUG: Автозагрузка класса joosDebug из файла /home/maxim/www/public_html/joostina/core/libraries/debug.php [] []
[2012-03-09 11:09:33] debug.DEBUG: Автозагрузка класса joosConfig из файла /home/maxim/www/public_html/joostina/core/libraries/config.php [] []
[2012-03-09 11:09:33] debug.DEBUG: Автозагрузка класса joosRequest из файла /home/maxim/www/public_html/joostina/core/libraries/request.php [] []
[2012-03-09 11:09:33] debug.DEBUG: Автозагрузка класса joosEvents из файла /home/maxim/www/public_html/joostina/core/libraries/events.php [] []
[2012-03-09 11:09:33] debug.DEBUG: Автозагрузка класса joosSession из файла /home/maxim/www/public_html/joostina/core/libraries/session.php [] []
[2012-03-09 11:09:33] debug.DEBUG: Автозагрузка класса joosModel из файла /home/maxim/www/public_html/joostina/core/libraries/database.php [] []
[2012-03-09 11:09:33] debug.DEBUG: Автозагрузка класса modelUsers из файла /home/maxim/www/public_html/joostina/app/components/users/models/model.users.php [] []
[2012-03-09 11:09:33] debug.DEBUG: Автозагрузка класса joosAcl из файла /home/maxim/www/public_html/joostina/core/libraries/acl.php [] []
[2012-03-09 11:09:33] debug.DEBUG: Автозагрузка класса joosAutoadmin из файла /home/maxim/www/public_html/joostina/core/libraries/autoadmin.php [] []
[2012-03-09 11:09:33] debug.DEBUG: joosAutoadmin::dispatch() - actionsAdminAdmin::index [] []
[2012-03-09 11:09:33] debug.DEBUG: Автозагрузка класса joosFilter из файла /home/maxim/www/public_html/joostina/core/libraries/filter.php [] []
[2012-03-09 11:09:33] debug.DEBUG: Автозагрузка класса joosHtml из файла /home/maxim/www/public_html/joostina/core/libraries/html.php [] []
[2012-03-09 11:09:33] debug.DEBUG: Автозагрузка класса modelQuickicons из файла /home/maxim/www/public_html/joostina/app/components/quickicons/models/model.quickicons.php [] []
[2012-03-09 11:09:33] debug.DEBUG: Автозагрузка класса modelAdminQuickicons из файла /home/maxim/www/public_html/joostina/app/components/quickicons/models/model.admin.quickicons.php [] []
[2012-03-09 11:09:33] debug.DEBUG: Автозагрузка класса joosVersion из файла /home/maxim/www/public_html/joostina/core/libraries/version.php [] []
[2012-03-09 11:09:33] debug.DEBUG: Автозагрузка класса joosFile из файла /home/maxim/www/public_html/joostina/core/libraries/file.php [] []
[2012-03-09 11:09:33] debug.DEBUG: 0.02083 [] []
[2012-03-09 11:09:33] debug.DEBUG: 734.12 kb [] []
[2012-03-09 11:11:57] debug.DEBUG: Автозагрузка класса joosLogging из файла /home/maxim/www/public_html/joostina/app/vendors/logging/logging.php [] []
[2012-03-09 11:11:57] debug.DEBUG: Автозагрузка класса joosDebug из файла /home/maxim/www/public_html/joostina/core/libraries/debug.php [] []
[2012-03-09 11:11:57] debug.DEBUG: Автозагрузка класса joosConfig из файла /home/maxim/www/public_html/joostina/core/libraries/config.php [] []
[2012-03-09 11:11:57] debug.DEBUG: Автозагрузка класса joosRequest из файла /home/maxim/www/public_html/joostina/core/libraries/request.php [] []
[2012-03-09 11:11:57] debug.DEBUG: Автозагрузка класса joosEvents из файла /home/maxim/www/public_html/joostina/core/libraries/events.php [] []
[2012-03-09 11:11:57] debug.DEBUG: Автозагрузка класса joosSession из файла /home/maxim/www/public_html/joostina/core/libraries/session.php [] []
[2012-03-09 11:11:57] debug.DEBUG: Автозагрузка класса joosModel из файла /home/maxim/www/public_html/joostina/core/libraries/database.php [] []
[2012-03-09 11:11:57] debug.DEBUG: Автозагрузка класса modelUsers из файла /home/maxim/www/public_html/joostina/app/components/users/models/model.users.php [] []
[2012-03-09 11:11:57] debug.DEBUG: Автозагрузка класса joosAcl из файла /home/maxim/www/public_html/joostina/core/libraries/acl.php [] []
[2012-03-09 11:11:57] debug.DEBUG: Автозагрузка класса joosAutoadmin из файла /home/maxim/www/public_html/joostina/core/libraries/autoadmin.php [] []
[2012-03-09 11:11:57] debug.DEBUG: joosAutoadmin::dispatch() - actionsAdminAdmin::index [] []
[2012-03-09 11:11:57] debug.DEBUG: Автозагрузка класса joosFilter из файла /home/maxim/www/public_html/joostina/core/libraries/filter.php [] []
[2012-03-09 11:11:57] debug.DEBUG: Автозагрузка класса joosHtml из файла /home/maxim/www/public_html/joostina/core/libraries/html.php [] []
[2012-03-09 11:11:57] debug.DEBUG: Автозагрузка класса modelQuickicons из файла /home/maxim/www/public_html/joostina/app/components/quickicons/models/model.quickicons.php [] []
[2012-03-09 11:11:57] debug.DEBUG: Автозагрузка класса modelAdminQuickicons из файла /home/maxim/www/public_html/joostina/app/components/quickicons/models/model.admin.quickicons.php [] []
[2012-03-09 11:11:57] debug.DEBUG: Автозагрузка класса joosVersion из файла /home/maxim/www/public_html/joostina/core/libraries/version.php [] []
[2012-03-09 11:11:57] debug.DEBUG: Автозагрузка класса joosFile из файла /home/maxim/www/public_html/joostina/core/libraries/file.php [] []
[2012-03-09 11:11:57] debug.DEBUG: 0.03292 [] []
[2012-03-09 11:11:57] debug.DEBUG: 735.13 kb [] []
[2012-03-09 11:13:00] debug.DEBUG: Автозагрузка класса joosLogging из файла /home/maxim/www/public_html/joostina/app/vendors/logging/logging.php [] []
[2012-03-09 11:13:00] debug.DEBUG: Автозагрузка класса joosDebug из файла /home/maxim/www/public_html/joostina/core/libraries/debug.php [] []
[2012-03-09 11:13:00] debug.DEBUG: Автозагрузка класса joosConfig из файла /home/maxim/www/public_html/joostina/core/libraries/config.php [] []
[2012-03-09 11:13:00] debug.DEBUG: Автозагрузка класса joosRequest из файла /home/maxim/www/public_html/joostina/core/libraries/request.php [] []
[2012-03-09 11:13:00] debug.DEBUG: Автозагрузка класса joosEvents из файла /home/maxim/www/public_html/joostina/core/libraries/events.php [] []
[2012-03-09 11:13:00] debug.DEBUG: Автозагрузка класса joosSession из файла /home/maxim/www/public_html/joostina/core/libraries/session.php [] []
[2012-03-09 11:13:00] debug.DEBUG: Автозагрузка класса joosModel из файла /home/maxim/www/public_html/joostina/core/libraries/database.php [] []
[2012-03-09 11:13:00] debug.DEBUG: Автозагрузка класса modelUsers из файла /home/maxim/www/public_html/joostina/app/components/users/models/model.users.php [] []
[2012-03-09 11:13:00] debug.DEBUG: Автозагрузка класса joosRoute из файла /home/maxim/www/public_html/joostina/core/libraries/route.php [] []
[2012-03-09 11:13:00] debug.DEBUG: Автозагрузка класса joosInputFilter из файла /home/maxim/www/public_html/joostina/core/libraries/inputfilter.php [] []
[2012-03-09 11:13:00] debug.DEBUG: Автозагрузка класса joosFlashMessage из файла /home/maxim/www/public_html/joostina/core/libraries/flashmessage.php [] []
[2012-03-09 11:13:00] debug.DEBUG: Автозагрузка класса joosString из файла /home/maxim/www/public_html/joostina/core/libraries/string.php [] []
[2012-03-09 11:13:02] debug.DEBUG: Автозагрузка класса joosLogging из файла /home/maxim/www/public_html/joostina/app/vendors/logging/logging.php [] []
[2012-03-09 11:13:02] debug.DEBUG: Автозагрузка класса joosDebug из файла /home/maxim/www/public_html/joostina/core/libraries/debug.php [] []
[2012-03-09 11:13:02] debug.DEBUG: Автозагрузка класса joosConfig из файла /home/maxim/www/public_html/joostina/core/libraries/config.php [] []
[2012-03-09 11:13:02] debug.DEBUG: Автозагрузка класса joosRequest из файла /home/maxim/www/public_html/joostina/core/libraries/request.php [] []
[2012-03-09 11:13:02] debug.DEBUG: Автозагрузка класса joosEvents из файла /home/maxim/www/public_html/joostina/core/libraries/events.php [] []
[2012-03-09 11:13:02] debug.DEBUG: Автозагрузка класса joosSession из файла /home/maxim/www/public_html/joostina/core/libraries/session.php [] []
[2012-03-09 11:13:02] debug.DEBUG: Автозагрузка класса joosModel из файла /home/maxim/www/public_html/joostina/core/libraries/database.php [] []
[2012-03-09 11:13:02] debug.DEBUG: Автозагрузка класса modelUsers из файла /home/maxim/www/public_html/joostina/app/components/users/models/model.users.php [] []
[2012-03-09 11:13:02] debug.DEBUG: Автозагрузка класса joosRoute из файла /home/maxim/www/public_html/joostina/core/libraries/route.php [] []
[2012-03-09 11:13:02] debug.DEBUG: Автозагрузка класса joosInputFilter из файла /home/maxim/www/public_html/joostina/core/libraries/inputfilter.php [] []
[2012-03-09 11:13:02] debug.DEBUG: Автозагрузка класса joosFlashMessage из файла /home/maxim/www/public_html/joostina/core/libraries/flashmessage.php [] []
[2012-03-09 11:13:02] debug.DEBUG: Автозагрузка класса joosString из файла /home/maxim/www/public_html/joostina/core/libraries/string.php [] []
[2012-03-09 11:13:03] debug.DEBUG: Автозагрузка класса joosLogging из файла /home/maxim/www/public_html/joostina/app/vendors/logging/logging.php [] []
[2012-03-09 11:13:03] debug.DEBUG: Автозагрузка класса joosDebug из файла /home/maxim/www/public_html/joostina/core/libraries/debug.php [] []
[2012-03-09 11:13:03] debug.DEBUG: Автозагрузка класса joosConfig из файла /home/maxim/www/public_html/joostina/core/libraries/config.php [] []
[2012-03-09 11:13:03] debug.DEBUG: Автозагрузка класса joosRequest из файла /home/maxim/www/public_html/joostina/core/libraries/request.php [] []
[2012-03-09 11:13:03] debug.DEBUG: Автозагрузка класса joosEvents из файла /home/maxim/www/public_html/joostina/core/libraries/events.php [] []
[2012-03-09 11:13:03] debug.DEBUG: Автозагрузка класса joosSession из файла /home/maxim/www/public_html/joostina/core/libraries/session.php [] []
[2012-03-09 11:13:03] debug.DEBUG: Автозагрузка класса joosModel из файла /home/maxim/www/public_html/joostina/core/libraries/database.php [] []
[2012-03-09 11:13:03] debug.DEBUG: Автозагрузка класса modelUsers из файла /home/maxim/www/public_html/joostina/app/components/users/models/model.users.php [] []
[2012-03-09 11:13:03] debug.DEBUG: Автозагрузка класса joosRoute из файла /home/maxim/www/public_html/joostina/core/libraries/route.php [] []
[2012-03-09 11:13:03] debug.DEBUG: Автозагрузка класса joosInputFilter из файла /home/maxim/www/public_html/joostina/core/libraries/inputfilter.php [] []
[2012-03-09 11:13:03] debug.DEBUG: Автозагрузка класса joosFlashMessage из файла /home/maxim/www/public_html/joostina/core/libraries/flashmessage.php [] []
[2012-03-09 11:13:03] debug.DEBUG: Автозагрузка класса joosString из файла /home/maxim/www/public_html/joostina/core/libraries/string.php [] []
[2012-03-09 11:13:03] debug.DEBUG: Автозагрузка класса joosLogging из файла /home/maxim/www/public_html/joostina/app/vendors/logging/logging.php [] []
[2012-03-09 11:13:03] debug.DEBUG: Автозагрузка класса joosDebug из файла /home/maxim/www/public_html/joostina/core/libraries/debug.php [] []
[2012-03-09 11:13:03] debug.DEBUG: Автозагрузка класса joosConfig из файла /home/maxim/www/public_html/joostina/core/libraries/config.php [] []
[2012-03-09 11:13:03] debug.DEBUG: Автозагрузка класса joosRequest из файла /home/maxim/www/public_html/joostina/core/libraries/request.php [] []
[2012-03-09 11:13:03] debug.DEBUG: Автозагрузка класса joosEvents из файла /home/maxim/www/public_html/joostina/core/libraries/events.php [] []
[2012-03-09 11:13:03] debug.DEBUG: Автозагрузка класса joosSession из файла /home/maxim/www/public_html/joostina/core/libraries/session.php [] []
[2012-03-09 11:13:03] debug.DEBUG: Автозагрузка класса joosModel из файла /home/maxim/www/public_html/joostina/core/libraries/database.php [] []
[2012-03-09 11:13:03] debug.DEBUG: Автозагрузка класса modelUsers из файла /home/maxim/www/public_html/joostina/app/components/users/models/model.users.php [] []
[2012-03-09 11:13:03] debug.DEBUG: Автозагрузка класса joosRoute из файла /home/maxim/www/public_html/joostina/core/libraries/route.php [] []
[2012-03-09 11:13:03] debug.DEBUG: Автозагрузка класса joosInputFilter из файла /home/maxim/www/public_html/joostina/core/libraries/inputfilter.php [] []
[2012-03-09 11:13:03] debug.DEBUG: Автозагрузка класса joosFlashMessage из файла /home/maxim/www/public_html/joostina/core/libraries/flashmessage.php [] []
[2012-03-09 11:13:03] debug.DEBUG: Автозагрузка класса joosString из файла /home/maxim/www/public_html/joostina/core/libraries/string.php [] []
[2012-03-09 11:13:17] debug.DEBUG: Автозагрузка класса joosLogging из файла /home/maxim/www/public_html/joostina/app/vendors/logging/logging.php [] []
[2012-03-09 11:13:17] debug.DEBUG: Автозагрузка класса joosDebug из файла /home/maxim/www/public_html/joostina/core/libraries/debug.php [] []
[2012-03-09 11:13:17] debug.DEBUG: Автозагрузка класса joosConfig из файла /home/maxim/www/public_html/joostina/core/libraries/config.php [] []
[2012-03-09 11:13:17] debug.DEBUG: Автозагрузка класса joosRequest из файла /home/maxim/www/public_html/joostina/core/libraries/request.php [] []
[2012-03-09 11:13:17] debug.DEBUG: Автозагрузка класса joosEvents из файла /home/maxim/www/public_html/joostina/core/libraries/events.php [] []
[2012-03-09 11:13:17] debug.DEBUG: Автозагрузка класса joosSession из файла /home/maxim/www/public_html/joostina/core/libraries/session.php [] []
[2012-03-09 11:13:17] debug.DEBUG: Автозагрузка класса joosModel из файла /home/maxim/www/public_html/joostina/core/libraries/database.php [] []
[2012-03-09 11:13:17] debug.DEBUG: Автозагрузка класса modelUsers из файла /home/maxim/www/public_html/joostina/app/components/users/models/model.users.php [] []
[2012-03-09 11:13:17] debug.DEBUG: Автозагрузка класса joosRoute из файла /home/maxim/www/public_html/joostina/core/libraries/route.php [] []
[2012-03-09 11:13:17] debug.DEBUG: Автозагрузка класса joosInputFilter из файла /home/maxim/www/public_html/joostina/core/libraries/inputfilter.php [] []
[2012-03-09 11:13:17] debug.DEBUG: Автозагрузка класса joosFlashMessage из файла /home/maxim/www/public_html/joostina/core/libraries/flashmessage.php [] []
[2012-03-09 11:13:17] debug.DEBUG: Автозагрузка класса joosString из файла /home/maxim/www/public_html/joostina/core/libraries/string.php [] []
[2012-03-09 11:13:19] debug.DEBUG: Автозагрузка класса joosLogging из файла /home/maxim/www/public_html/joostina/app/vendors/logging/logging.php [] []
[2012-03-09 11:13:19] debug.DEBUG: Автозагрузка класса joosDebug из файла /home/maxim/www/public_html/joostina/core/libraries/debug.php [] []
[2012-03-09 11:13:19] debug.DEBUG: Автозагрузка класса joosConfig из файла /home/maxim/www/public_html/joostina/core/libraries/config.php [] []
[2012-03-09 11:13:19] debug.DEBUG: Автозагрузка класса joosRequest из файла /home/maxim/www/public_html/joostina/core/libraries/request.php [] []
[2012-03-09 11:13:19] debug.DEBUG: Автозагрузка класса joosEvents из файла /home/maxim/www/public_html/joostina/core/libraries/events.php [] []
[2012-03-09 11:13:19] debug.DEBUG: Автозагрузка класса joosSession из файла /home/maxim/www/public_html/joostina/core/libraries/session.php [] []
[2012-03-09 11:13:19] debug.DEBUG: Автозагрузка класса joosHtml из файла /home/maxim/www/public_html/joostina/core/libraries/html.php [] []
[2012-03-09 11:13:19] debug.DEBUG: Автозагрузка класса joosFlashMessage из файла /home/maxim/www/public_html/joostina/core/libraries/flashmessage.php [] []
[2012-03-09 11:13:19] debug.DEBUG: Автозагрузка класса joosCSRF из файла /home/maxim/www/public_html/joostina/core/libraries/csrf.php [] []
[2012-03-09 11:13:19] debug.DEBUG: Автозагрузка класса joosVersion из файла /home/maxim/www/public_html/joostina/core/libraries/version.php [] []
[2012-03-09 11:13:28] debug.DEBUG: Автозагрузка класса joosLogging из файла /home/maxim/www/public_html/joostina/app/vendors/logging/logging.php [] []
[2012-03-09 11:13:28] debug.DEBUG: Автозагрузка класса joosDebug из файла /home/maxim/www/public_html/joostina/core/libraries/debug.php [] []
[2012-03-09 11:13:28] debug.DEBUG: Автозагрузка класса joosConfig из файла /home/maxim/www/public_html/joostina/core/libraries/config.php [] []
[2012-03-09 11:13:28] debug.DEBUG: Автозагрузка класса joosRequest из файла /home/maxim/www/public_html/joostina/core/libraries/request.php [] []
[2012-03-09 11:13:28] debug.DEBUG: Автозагрузка класса joosEvents из файла /home/maxim/www/public_html/joostina/core/libraries/events.php [] []
[2012-03-09 11:13:28] debug.DEBUG: Автозагрузка класса joosSession из файла /home/maxim/www/public_html/joostina/core/libraries/session.php [] []
[2012-03-09 11:13:28] debug.DEBUG: Автозагрузка класса joosCSRF из файла /home/maxim/www/public_html/joostina/core/libraries/csrf.php [] []
[2012-03-09 11:13:28] debug.DEBUG: Автозагрузка класса joosDatabase из файла /home/maxim/www/public_html/joostina/core/libraries/database.php [] []
[2012-03-09 11:13:28] debug.DEBUG: Автозагрузка класса joosAcl из файла /home/maxim/www/public_html/joostina/core/libraries/acl.php [] []
[2012-03-09 11:13:28] debug.DEBUG: Автозагрузка класса joosLogging из файла /home/maxim/www/public_html/joostina/app/vendors/logging/logging.php [] []
[2012-03-09 11:13:28] debug.DEBUG: Автозагрузка класса joosDebug из файла /home/maxim/www/public_html/joostina/core/libraries/debug.php [] []
[2012-03-09 11:13:28] debug.DEBUG: Автозагрузка класса joosConfig из файла /home/maxim/www/public_html/joostina/core/libraries/config.php [] []
[2012-03-09 11:13:28] debug.DEBUG: Автозагрузка класса joosRequest из файла /home/maxim/www/public_html/joostina/core/libraries/request.php [] []
[2012-03-09 11:13:28] debug.DEBUG: Автозагрузка класса joosEvents из файла /home/maxim/www/public_html/joostina/core/libraries/events.php [] []
[2012-03-09 11:13:28] debug.DEBUG: Автозагрузка класса joosSession из файла /home/maxim/www/public_html/joostina/core/libraries/session.php [] []
[2012-03-09 11:13:28] debug.DEBUG: Автозагрузка класса joosModel из файла /home/maxim/www/public_html/joostina/core/libraries/database.php [] []
[2012-03-09 11:13:28] debug.DEBUG: Автозагрузка класса modelUsers из файла /home/maxim/www/public_html/joostina/app/components/users/models/model.users.php [] []
[2012-03-09 11:13:28] debug.DEBUG: Автозагрузка класса joosAcl из файла /home/maxim/www/public_html/joostina/core/libraries/acl.php [] []
[2012-03-09 11:13:28] debug.DEBUG: Автозагрузка класса joosAutoadmin из файла /home/maxim/www/public_html/joostina/core/libraries/autoadmin.php [] []
[2012-03-09 11:13:28] debug.DEBUG: joosAutoadmin::dispatch() - actionsAdminAdmin::index [] []
[2012-03-09 11:13:28] debug.DEBUG: Автозагрузка класса joosFilter из файла /home/maxim/www/public_html/joostina/core/libraries/filter.php [] []
[2012-03-09 11:13:28] debug.DEBUG: Автозагрузка класса joosHtml из файла /home/maxim/www/public_html/joostina/core/libraries/html.php [] []
[2012-03-09 11:13:28] debug.DEBUG: Автозагрузка класса modelQuickicons из файла /home/maxim/www/public_html/joostina/app/components/quickicons/models/model.quickicons.php [] []
[2012-03-09 11:13:28] debug.DEBUG: Автозагрузка класса modelAdminQuickicons из файла /home/maxim/www/public_html/joostina/app/components/quickicons/models/model.admin.quickicons.php [] []
[2012-03-09 11:13:28] debug.DEBUG: Автозагрузка класса joosVersion из файла /home/maxim/www/public_html/joostina/core/libraries/version.php [] []
[2012-03-09 11:13:28] debug.DEBUG: Автозагрузка класса joosFile из файла /home/maxim/www/public_html/joostina/core/libraries/file.php [] []
[2012-03-09 11:13:28] debug.DEBUG: 0.02734 [] []
[2012-03-09 11:13:28] debug.DEBUG: 740.29 kb [] []
[2012-03-09 11:13:44] debug.DEBUG: Автозагрузка класса joosLogging из файла /home/maxim/www/public_html/joostina/app/vendors/logging/logging.php [] []
[2012-03-09 11:13:44] debug.DEBUG: Автозагрузка класса joosDebug из файла /home/maxim/www/public_html/joostina/core/libraries/debug.php [] []
[2012-03-09 11:13:44] debug.DEBUG: Автозагрузка класса joosConfig из файла /home/maxim/www/public_html/joostina/core/libraries/config.php [] []
[2012-03-09 11:13:44] debug.DEBUG: Автозагрузка класса joosRequest из файла /home/maxim/www/public_html/joostina/core/libraries/request.php [] []
[2012-03-09 11:13:44] debug.DEBUG: Автозагрузка класса joosEvents из файла /home/maxim/www/public_html/joostina/core/libraries/events.php [] []
[2012-03-09 11:13:44] debug.DEBUG: Автозагрузка класса joosSession из файла /home/maxim/www/public_html/joostina/core/libraries/session.php [] []
[2012-03-09 11:13:44] debug.DEBUG: Автозагрузка класса joosModel из файла /home/maxim/www/public_html/joostina/core/libraries/database.php [] []
[2012-03-09 11:13:44] debug.DEBUG: Автозагрузка класса modelUsers из файла /home/maxim/www/public_html/joostina/app/components/users/models/model.users.php [] []
[2012-03-09 11:13:44] debug.DEBUG: Автозагрузка класса joosAcl из файла /home/maxim/www/public_html/joostina/core/libraries/acl.php [] []
[2012-03-09 11:13:44] debug.DEBUG: Автозагрузка класса joosAutoadmin из файла /home/maxim/www/public_html/joostina/core/libraries/autoadmin.php [] []
[2012-03-09 11:13:44] debug.DEBUG: joosAutoadmin::dispatch() - actionsAdminAdmin::index [] []
[2012-03-09 11:13:44] debug.DEBUG: Автозагрузка класса joosFilter из файла /home/maxim/www/public_html/joostina/core/libraries/filter.php [] []
[2012-03-09 11:13:44] debug.DEBUG: Автозагрузка класса joosHtml из файла /home/maxim/www/public_html/joostina/core/libraries/html.php [] []
[2012-03-09 11:13:44] debug.DEBUG: Автозагрузка класса modelQuickicons из файла /home/maxim/www/public_html/joostina/app/components/quickicons/models/model.quickicons.php [] []
[2012-03-09 11:13:44] debug.DEBUG: Автозагрузка класса modelAdminQuickicons из файла /home/maxim/www/public_html/joostina/app/components/quickicons/models/model.admin.quickicons.php [] []
[2012-03-09 11:13:44] debug.DEBUG: Автозагрузка класса joosVersion из файла /home/maxim/www/public_html/joostina/core/libraries/version.php [] []
[2012-03-09 11:13:44] debug.DEBUG: Автозагрузка класса joosFile из файла /home/maxim/www/public_html/joostina/core/libraries/file.php [] []
[2012-03-09 11:13:44] debug.DEBUG: 0.03153 [] []
[2012-03-09 11:13:44] debug.DEBUG: 715.66 kb [] []
[2012-03-09 11:13:49] debug.DEBUG: Автозагрузка класса joosLogging из файла /home/maxim/www/public_html/joostina/app/vendors/logging/logging.php [] []
[2012-03-09 11:13:49] debug.DEBUG: Автозагрузка класса joosDebug из файла /home/maxim/www/public_html/joostina/core/libraries/debug.php [] []
[2012-03-09 11:13:49] debug.DEBUG: Автозагрузка класса joosConfig из файла /home/maxim/www/public_html/joostina/core/libraries/config.php [] []
[2012-03-09 11:13:49] debug.DEBUG: Автозагрузка класса joosRequest из файла /home/maxim/www/public_html/joostina/core/libraries/request.php [] []
[2012-03-09 11:13:49] debug.DEBUG: Автозагрузка класса joosEvents из файла /home/maxim/www/public_html/joostina/core/libraries/events.php [] []
[2012-03-09 11:13:49] debug.DEBUG: Автозагрузка класса joosSession из файла /home/maxim/www/public_html/joostina/core/libraries/session.php [] []
[2012-03-09 11:13:49] debug.DEBUG: Автозагрузка класса joosModel из файла /home/maxim/www/public_html/joostina/core/libraries/database.php [] []
[2012-03-09 11:13:49] debug.DEBUG: Автозагрузка класса modelUsers из файла /home/maxim/www/public_html/joostina/app/components/users/models/model.users.php [] []
[2012-03-09 11:13:49] debug.DEBUG: Автозагрузка класса joosAcl из файла /home/maxim/www/public_html/joostina/core/libraries/acl.php [] []
[2012-03-09 11:13:49] debug.DEBUG: Автозагрузка класса joosAutoadmin из файла /home/maxim/www/public_html/joostina/core/libraries/autoadmin.php [] []
[2012-03-09 11:13:49] debug.DEBUG: joosAutoadmin::dispatch() - actionsAdminAdmin::index [] []
[2012-03-09 11:13:49] debug.DEBUG: Автозагрузка класса joosFilter из файла /home/maxim/www/public_html/joostina/core/libraries/filter.php [] []
[2012-03-09 11:13:49] debug.DEBUG: Автозагрузка класса joosHtml из файла /home/maxim/www/public_html/joostina/core/libraries/html.php [] []
[2012-03-09 11:13:49] debug.DEBUG: Автозагрузка класса modelQuickicons из файла /home/maxim/www/public_html/joostina/app/components/quickicons/models/model.quickicons.php [] []
[2012-03-09 11:13:49] debug.DEBUG: Автозагрузка класса modelAdminQuickicons из файла /home/maxim/www/public_html/joostina/app/components/quickicons/models/model.admin.quickicons.php [] []
[2012-03-09 11:13:49] debug.DEBUG: Автозагрузка класса joosVersion из файла /home/maxim/www/public_html/joostina/core/libraries/version.php [] []
[2012-03-09 11:13:49] debug.DEBUG: Автозагрузка класса joosFile из файла /home/maxim/www/public_html/joostina/core/libraries/file.php [] []
[2012-03-09 11:13:49] debug.DEBUG: 0.01531 [] []
[2012-03-09 11:13:49] debug.DEBUG: 740.51 kb [] []
[2012-03-09 11:13:57] debug.DEBUG: Автозагрузка класса joosLogging из файла /home/maxim/www/public_html/joostina/app/vendors/logging/logging.php [] []
[2012-03-09 11:13:57] debug.DEBUG: Автозагрузка класса joosDebug из файла /home/maxim/www/public_html/joostina/core/libraries/debug.php [] []
[2012-03-09 11:13:57] debug.DEBUG: Автозагрузка класса joosConfig из файла /home/maxim/www/public_html/joostina/core/libraries/config.php [] []
[2012-03-09 11:13:57] debug.DEBUG: Автозагрузка класса joosRequest из файла /home/maxim/www/public_html/joostina/core/libraries/request.php [] []
[2012-03-09 11:13:57] debug.DEBUG: Автозагрузка класса joosEvents из файла /home/maxim/www/public_html/joostina/core/libraries/events.php [] []
[2012-03-09 11:13:57] debug.DEBUG: Автозагрузка класса joosSession из файла /home/maxim/www/public_html/joostina/core/libraries/session.php [] []
[2012-03-09 11:13:57] debug.DEBUG: Автозагрузка класса joosModel из файла /home/maxim/www/public_html/joostina/core/libraries/database.php [] []
[2012-03-09 11:13:57] debug.DEBUG: Автозагрузка класса modelUsers из файла /home/maxim/www/public_html/joostina/app/components/users/models/model.users.php [] []
[2012-03-09 11:13:57] debug.DEBUG: Автозагрузка класса joosAcl из файла /home/maxim/www/public_html/joostina/core/libraries/acl.php [] []
[2012-03-09 11:13:57] debug.DEBUG: Автозагрузка класса joosAutoadmin из файла /home/maxim/www/public_html/joostina/core/libraries/autoadmin.php [] []
[2012-03-09 11:13:57] debug.DEBUG: joosAutoadmin::dispatch() - actionsAdminAdmin::index [] []
[2012-03-09 11:13:57] debug.DEBUG: Автозагрузка класса joosFilter из файла /home/maxim/www/public_html/joostina/core/libraries/filter.php [] []
[2012-03-09 11:13:57] debug.DEBUG: Автозагрузка класса joosHtml из файла /home/maxim/www/public_html/joostina/core/libraries/html.php [] []
[2012-03-09 11:13:57] debug.DEBUG: Автозагрузка класса modelQuickicons из файла /home/maxim/www/public_html/joostina/app/components/quickicons/models/model.quickicons.php [] []
[2012-03-09 11:13:57] debug.DEBUG: Автозагрузка класса modelAdminQuickicons из файла /home/maxim/www/public_html/joostina/app/components/quickicons/models/model.admin.quickicons.php [] []
[2012-03-09 11:13:57] debug.DEBUG: Автозагрузка класса joosVersion из файла /home/maxim/www/public_html/joostina/core/libraries/version.php [] []
[2012-03-09 11:13:57] debug.DEBUG: Автозагрузка класса joosFile из файла /home/maxim/www/public_html/joostina/core/libraries/file.php [] []
[2012-03-09 11:13:57] debug.DEBUG: 0.02436 [] []
[2012-03-09 11:13:57] debug.DEBUG: 715.66 kb [] []
